[www.radouanfarah.design/index.html]
[backblue.gif]
[fade.gif]
[index.html]
[uploads-ssl.webflow.com/59c5c3e797139c000117aa12/css/oliviatruong.webflow.7932ea12b.css]
[ajax.googleapis.com/ajax/libs/webfont/1.6.26/webfont.js]
[uploads-ssl.webflow.com/59c5c3e797139c000117aa12/5a3002a33ccc6600011b145a_o_icon.png]
[uploads-ssl.webflow.com/59c5c3e797139c000117aa12/5a3002a63ccc6600011b145c_o_icon@x8.png]
[www.radouanfarah.design/about.html]
[www.radouanfarah.design/universe-dashboard.html]
[www.radouanfarah.design/routr.html]
[www.radouanfarah.design/ticket-manager.html]
[www.radouanfarah.design/side-projects.html]
[uploads-ssl.webflow.com/59c5c3e797139c000117aa12/618b41a91266ac23d546af71_glyph-logo_May2016.png]
[d3e54v103j8qbb.cloudfront.net/js/jquery-3.5.1.min.dc5e7f18c8a002.js]
[www.radouanfarah.design/index.html]
[uploads-ssl.webflow.com/59c5c3e797139c000117aa12/js/webflow.3812659dd.js]
[uploads-ssl.webflow.com/59c5c3e797139c000117aa12/59ed557d19032000013fe8c4_side-project-opener_flipped.jpg]
[uploads-ssl.webflow.com/59c5c3e797139c000117aa12/59effc1e68aadb00010f938b_routr_cover.jpg]
[uploads-ssl.webflow.com/59c5c3e797139c000117aa12/5a2f7d6b99d04e00015be6a8_dashboard_cover_v2.jpg]
[uploads-ssl.webflow.com/59c5c3e797139c000117aa12/59f00fa44a4c2500011f82a0_ticketmanager_cover.jpg]
[uploads-ssl.webflow.com/59c5c3e797139c000117aa12/59ed5d4141b4090001b6004a_cover.jpg]
[uploads-ssl.webflow.com/59c5c3e797139c000117aa12/5a1e102ac38dec00015ad0ab_dinner_1B-min.jpg]
[uploads-ssl.webflow.com/59c5c3e797139c000117aa12/5a2f7de941c3aa0001dca975_dashboard_mock_v2.jpg]
[uploads-ssl.webflow.com/59c5c3e797139c000117aa12/5a1e0f566ab967000125c1a3_ticket-min.jpg]
[uploads-ssl.webflow.com/59c5c3e797139c000117aa12/5a1e0f56a127e900014730f0_sideprojects-min.jpg]
[uploads-ssl.webflow.com/59c5c3e797139c000117aa12/5a1e0f56f8e2e10001833cba_dinner_2B-min.jpg]
[uploads-ssl.webflow.com/59c5c3e797139c000117aa12/5a2f7d6b99d04e00015be6a7_dashboard_footer_v2.jpg]
[uploads-ssl.webflow.com/59c5c3e797139c000117aa12/5a20c121fad0680001db2fe3_side-project-opener_FOOTER.jpg]
[uploads-ssl.webflow.com/59c5c3e797139c000117aa12/611b1e71be58a53ec83ac82b_airplane_purple.jpg]
[uploads-ssl.webflow.com/59c5c3e797139c000117aa12/59ed5d6e41b4090001b60051_dinner_1B.jpg]
[uploads-ssl.webflow.com/59c5c3e797139c000117aa12/59ed5d6ef4f8560001ca8995_dinner_2B.jpg]
[uploads-ssl.webflow.com/59c5c3e797139c000117aa12/59eceacaf4f8560001ca5755_cover.jpg]
[uploads-ssl.webflow.com/59c5c3e797139c000117aa12/59ec287041b4090001b57376_dinner_1B.jpg]
[uploads-ssl.webflow.com/59c5c3e797139c000117aa12/css/oliviatruong.webflow.7932ea12b.css]
[uploads-ssl.webflow.com/59c5c3e797139c000117aa12/5d68777e029cb212055d5f93_profile_berlin.jpg]
[uploads-ssl.webflow.com/59c5c3e797139c000117aa12/5a2e01434584a6000128b9cc_jeantalon.png]
[uploads-ssl.webflow.com/59c5c3e797139c000117aa12/5a2e0039a298f500011235a1_paddle.png]
[uploads-ssl.webflow.com/59c5c3e797139c000117aa12/5a2dfbc84584a6000128b749_montreal.png]
[www.radouanfarah.design/about.html]
[uploads-ssl.webflow.com/59c5c3e797139c000117aa12/5a2f5475206bda00018382c6_Old Dashboard - Messages.jpg]
[uploads-ssl.webflow.com/59c5c3e797139c000117aa12/5a2ed82e4584a600012991d6_image_preview.jpg]
[uploads-ssl.webflow.com/59c5c3e797139c000117aa12/5a2edb589374420001862db3_barchart.png]
[uploads-ssl.webflow.com/59c5c3e797139c000117aa12/5a2f53fe41c3aa0001dc992b_MVPdashboard.png]
[uploads-ssl.webflow.com/59c5c3e797139c000117aa12/5a2ed79b7cc4250001955bbf_image_preview.png]
[uploads-ssl.webflow.com/59c5c3e797139c000117aa12/5a2f5a3076de140001090a2e_Overview V1 Upcoming Event.png]
[uploads-ssl.webflow.com/59c5c3e797139c000117aa12/5a2f5a305701c800018e47ac_V3.png]
[uploads-ssl.webflow.com/59c5c3e797139c000117aa12/5a2f636899d04e00015bdae2_ New Grid Copy.png]
[uploads-ssl.webflow.com/59c5c3e797139c000117aa12/5a2f6367206bda0001838661_ New Grid Copy 2.png]
[uploads-ssl.webflow.com/59c5c3e797139c000117aa12/5a2f6eb85701c800018e4d73_onboarding.png]
[uploads-ssl.webflow.com/59c5c3e797139c000117aa12/5a2f6f651c3bad00011c446f_onboarding2.png]
[uploads-ssl.webflow.com/59c5c3e797139c000117aa12/5a2f75dc206bda0001838de2_footer2.png]
[uploads-ssl.webflow.com/59c5c3e797139c000117aa12/5a2f692f206bda00018388fe_Acc Level - Discount Code Long.png]
[uploads-ssl.webflow.com/59c5c3e797139c000117aa12/5a2f692f5701c800018e4b98_UPDATED_ MAIN Desktop Copy.png]
[www.radouanfarah.design/universe-dashboard.html]
[uploads-ssl.webflow.com/59c5c3e797139c000117aa12/59cc6906172d780001e86a20_texting_blurb_v3.png]
[uploads-ssl.webflow.com/59c5c3e797139c000117aa12/5a277794ae0b67000116598d_graph1.png]
[uploads-ssl.webflow.com/59c5c3e797139c000117aa12/5a277dd39ef8d40001658818_graph2.png]
[uploads-ssl.webflow.com/59c5c3e797139c000117aa12/5a27766e9ef8d400016585e6_experience-map.png]
[uploads-ssl.webflow.com/59c5c3e797139c000117aa12/5a278028da590200018f42a9_sitemap_drawings.png]
[uploads-ssl.webflow.com/59c5c3e797139c000117aa12/5a2777449ef8d40001658617_Routr-WireframeUserFlow.png]
[www.radouanfarah.design/routr.html]
[uploads-ssl.webflow.com/59c5c3e797139c000117aa12/5a29abdf9085130001fb5a9b_caskdays.jpg]
[uploads-ssl.webflow.com/59c5c3e797139c000117aa12/5a29abdf55a4f10001d55fc5_canada2020.jpg]
[uploads-ssl.webflow.com/59c5c3e797139c000117aa12/5a29abdfa417440001b28829_lego.jpg]
[uploads-ssl.webflow.com/59c5c3e797139c000117aa12/5a29bda12fc5c30001263cac_Ticket-Manager-Personas-(2).png]
[uploads-ssl.webflow.com/59c5c3e797139c000117aa12/5a29bda12fc5c30001263cab_Ticket-Manager-Personas-(3).png]
[uploads-ssl.webflow.com/59c5c3e797139c000117aa12/5a29bda14edda30001cf19f7_Ticket-Manager-Personas-(1).png]
[uploads-ssl.webflow.com/59c5c3e797139c000117aa12/5a29bda12fc5c30001263caa_Ticket-Manager-Personas-(4).png]
[uploads-ssl.webflow.com/59c5c3e797139c000117aa12/5a2a31b61d48380001adea79_wide copy.png]
[uploads-ssl.webflow.com/59c5c3e797139c000117aa12/5a2a295c471aa50001b5974a_Select Event 1 v2.png]
[uploads-ssl.webflow.com/59c5c3e797139c000117aa12/5a2a295cddae7e00015b911d_Scanned.png]
[uploads-ssl.webflow.com/59c5c3e797139c000117aa12/5a2a295c1d48380001ade6e0_GUESTLIST.png]
[uploads-ssl.webflow.com/59c5c3e797139c000117aa12/5a2a295cc76e0b0001da1e89_Sell Tickets.png]
[uploads-ssl.webflow.com/59c5c3e797139c000117aa12/5a2c500e96bde90001f7c68b_Select Events Copy.png]
[uploads-ssl.webflow.com/59c5c3e797139c000117aa12/5a2c500e96bde90001f7c68a_Valid Ticket.png]
[uploads-ssl.webflow.com/59c5c3e797139c000117aa12/5a2c500e4584a600012801ed_Search Guestlist Results.png]
[uploads-ssl.webflow.com/59c5c3e797139c000117aa12/5a2c7ab5a298f50001119fbe_Sell Tickets Copy.png]
[uploads-ssl.webflow.com/59c5c3e797139c000117aa12/5a2c7deba298f5000111a02e_default_settings.gif]
[uploads-ssl.webflow.com/59c5c3e797139c000117aa12/5a2cad434584a60001281d6b_select_events.gif]
[uploads-ssl.webflow.com/59c5c3e797139c000117aa12/5a2ca57b937442000184a625_green.gif]
[uploads-ssl.webflow.com/59c5c3e797139c000117aa12/5a2ca674937442000184a6dc_red.gif]
[uploads-ssl.webflow.com/59c5c3e797139c000117aa12/5a2ca6c94584a60001281c55_white.gif]
[uploads-ssl.webflow.com/59c5c3e797139c000117aa12/5a2ca8b8937442000184a82f_tap.gif]
[uploads-ssl.webflow.com/59c5c3e797139c000117aa12/5a2caef7b31198000162350e_swipe.gif]
[uploads-ssl.webflow.com/59c5c3e797139c000117aa12/5a2cb1c04584a6000128200e_scroll2.gif]
[uploads-ssl.webflow.com/59c5c3e797139c000117aa12/5a2cb4727cc4250001941a29_pullup.gif]
[uploads-ssl.webflow.com/59c5c3e797139c000117aa12/5a2de877b31198000162af28_NPS Force Copy.png]
[uploads-ssl.webflow.com/59c5c3e797139c000117aa12/5a2de5a0a298f50001122048_NPS.gif]
[uploads-ssl.webflow.com/59c5c3e797139c000117aa12/5a2a3444b8745a00019f627d_androidv2.png]
[www.radouanfarah.design/ticket-manager.html]
[uploads-ssl.webflow.com/59c5c3e797139c000117aa12/5a1e1971a127e9000147367e_startupyoga_illustrations_banner.png]
[uploads-ssl.webflow.com/59c5c3e797139c000117aa12/5a1e1972c38dec00015ad699_Startup-Yoga1-7-min.jpg]
[uploads-ssl.webflow.com/59c5c3e797139c000117aa12/5a1e1971c38dec00015ad698_Startup-Yoga1-6-min.jpg]
[uploads-ssl.webflow.com/59c5c3e797139c000117aa12/5a1e136dc38dec00015ad329_Shot&Sip-V1.png]
[uploads-ssl.webflow.com/59c5c3e797139c000117aa12/5a1e136df8e2e10001833ed9_Chapter1.png]
[uploads-ssl.webflow.com/59c5c3e797139c000117aa12/5a1e1b8503da7600010ddb5b_murdoch_mysteries-min.jpg]
[uploads-ssl.webflow.com/59c5c3e797139c000117aa12/5a1e1b856ab967000125cc19_BCV_marketing_poster_v3-min.jpg]
[uploads-ssl.webflow.com/59c5c3e797139c000117aa12/5a1e1c34c38dec00015ad824_escape_tower.jpg]
[uploads-ssl.webflow.com/59c5c3e797139c000117aa12/5a1e1c3403da7600010ddba7_king_bootleggers.jpg]
[uploads-ssl.webflow.com/59c5c3e797139c000117aa12/5a1e1c3403da7600010ddba8_station_m.jpg]
[uploads-ssl.webflow.com/59c5c3e797139c000117aa12/5a1e136d00320a0001738844_saveon.png]
[uploads-ssl.webflow.com/59c5c3e797139c000117aa12/59cbc7544c2e3f0001507bb5_caricatures.png]
[uploads-ssl.webflow.com/59c5c3e797139c000117aa12/5a1e136da127e9000147345e_postcard-onlyoil.png]
[uploads-ssl.webflow.com/59c5c3e797139c000117aa12/5a1e19716ab967000125cb5b_OnlyOil-22-min.jpg]
[uploads-ssl.webflow.com/59c5c3e797139c000117aa12/5a262ea5bac8a400018d5c0a_OnlyOil-81.jpg]
[uploads-ssl.webflow.com/59c5c3e797139c000117aa12/5a1e1971f8e2e10001834265_OnlyOil-78-min.jpg]
[uploads-ssl.webflow.com/59c5c3e797139c000117aa12/5edfd0e0026caf2b0b6c830c_soapbox_illustrations.png]
[uploads-ssl.webflow.com/59c5c3e797139c000117aa12/59d1b9d2a992ae00015fd39e_holiday-party-card-print-final.png]
[www.radouanfarah.design/side-projects.html]
